<?xml version="1.0" encoding="UTF-8" ?>
<testsuite failures="0" time="32.349" errors="0" skipped="0" tests="33" name="All the GWT test cases of gwtp-mvp-client and gwtp-mvp-shared.">
  <properties>
[...]
</properties>
  <testcase time="30.205" classname="com.gwtplatform.mvp.shared.proxy.ParameterTokenFormatterGwtTestInSuite" name="testToPlaceRequestMissingNameToken"/>
  <testcase time="0.02" classname="com.gwtplatform.mvp.shared.proxy.ParameterTokenFormatterGwtTestInSuite" name="testToHistoryTokenSingleRequestInRequestHierarchy"/>
  <testcase time="0.02" classname="com.gwtplatform.mvp.shared.proxy.ParameterTokenFormatterGwtTestInSuite" name="testToHistoryTokenIsReverseOfToPlaceRequestHierarchy"/>
  <testcase time="0.02" classname="com.gwtplatform.mvp.shared.proxy.ParameterTokenFormatterGwtTestInSuite" name="testToPlaceRequestRegularPlaceToken"/>
  <testcase time="0.019" classname="com.gwtplatform.mvp.shared.proxy.ParameterTokenFormatterGwtTestInSuite" name="testToHistoryTokenValidRequestHierarchy"/>
  <testcase time="0.019" classname="com.gwtplatform.mvp.shared.proxy.ParameterTokenFormatterGwtTestInSuite" name="testToPlaceTokenShouldEscapeSeparators"/>
  <testcase time="0.018" classname="com.gwtplatform.mvp.shared.proxy.ParameterTokenFormatterGwtTestInSuite" name="testToPlaceRequestDiscardsTrailingHierarchySeparators"/>
  <testcase time="0.025" classname="com.gwtplatform.mvp.shared.proxy.ParameterTokenFormatterGwtTestInSuite" name="testToPlaceRequestHierarchyUnescapedHierarchySeparators"/>
  <testcase time="0.029" classname="com.gwtplatform.mvp.shared.proxy.ParameterTokenFormatterGwtTestInSuite" name="testToPlaceRequestHierarchyHistoryTokenWithEmptyPlaceToken"/>
  <testcase time="0.029" classname="com.gwtplatform.mvp.shared.proxy.ParameterTokenFormatterGwtTestInSuite" name="testToPlaceRequestPlaceTokenWithSameKeysKeepsLastValue"/>
  <testcase time="0.03" classname="com.gwtplatform.mvp.shared.proxy.ParameterTokenFormatterGwtTestInSuite" name="testToPlaceRequestHierarchyEmptyHistoryToken"/>
  <testcase time="0.028" classname="com.gwtplatform.mvp.shared.proxy.ParameterTokenFormatterGwtTestInSuite" name="testToPlaceRequestPlaceTokenWithEmptyTrailingValue"/>
  <testcase time="0.029" classname="com.gwtplatform.mvp.shared.proxy.ParameterTokenFormatterGwtTestInSuite" name="testToPlaceRequestPlaceTokenWithEmptyParamValues"/>
  <testcase time="0.03" classname="com.gwtplatform.mvp.shared.proxy.ParameterTokenFormatterGwtTestInSuite" name="testToPlaceRequestHierarchyValidHistoryToken"/>
  <testcase time="0.034" classname="com.gwtplatform.mvp.shared.proxy.ParameterTokenFormatterGwtTestInSuite" name="testToHistoryTokenEmptyRequestHierarchy"/>
  <testcase time="0.034" classname="com.gwtplatform.mvp.shared.proxy.ParameterTokenFormatterGwtTestInSuite" name="testToPlaceRequestPlaceTokenWithUnescapedParamSeparators"/>
  <testcase time="0.032" classname="com.gwtplatform.mvp.shared.proxy.ParameterTokenFormatterGwtTestInSuite" name="testToPlaceTokenValidPlaceRequest"/>
  <testcase time="0.031" classname="com.gwtplatform.mvp.shared.proxy.ParameterTokenFormatterGwtTestInSuite" name="testToPlaceRequestDiscardsTrailingParamSeparators"/>
  <testcase time="0.032" classname="com.gwtplatform.mvp.shared.proxy.ParameterTokenFormatterGwtTestInSuite" name="testToPlaceRequestPlaceTokenWithEmptyKey"/>
  <testcase time="0.033" classname="com.gwtplatform.mvp.shared.proxy.ParameterTokenFormatterGwtTestInSuite" name="testToPlaceRequestEmptyPlaceToken"/>
  <testcase time="0.034" classname="com.gwtplatform.mvp.shared.proxy.ParameterTokenFormatterGwtTestInSuite" name="testToPlaceRequestPlaceTokenWithSameValues"/>
  <testcase time="0.046" classname="com.gwtplatform.mvp.shared.proxy.ParameterTokenFormatterGwtTestInSuite" name="testToPlaceRequestIsReverseOfToPlaceTokenAfterFullUrlEncode"/>
  <testcase time="0.032" classname="com.gwtplatform.mvp.shared.proxy.ParameterTokenFormatterGwtTestInSuite" name="testToPlaceTokenIsReverseOfToPlaceRequest"/>
  <testcase time="0.018" classname="com.gwtplatform.mvp.shared.proxy.ParameterTokenFormatterGwtTestInSuite" name="testToPlaceRequestPlaceTokenWithUnescapedValueSeparators"/>
  <testcase time="0.021" classname="com.gwtplatform.mvp.shared.proxy.ParameterTokenFormatterGwtTestInSuite" name="testToPlaceRequestHierarchyIsReverseOfToHistoryTokenAfterFullUrlEncode"/>
  <testcase time="0.017" classname="com.gwtplatform.mvp.shared.proxy.ParameterTokenFormatterGwtTestInSuite" name="testToPlaceRequestPlaceTokenKeyMissingValue"/>
  <testcase time="0.02" classname="com.gwtplatform.mvp.shared.proxy.ParameterTokenFormatterGwtTestInSuite" name="testToPlaceRequestHierarchyIsReverseOfToHistoryToken"/>
  <testcase time="0.025" classname="com.gwtplatform.mvp.shared.proxy.ParameterTokenFormatterGwtTestInSuite" name="testToPlaceRequestIsReverseOfToPlaceToken"/>
  <testcase time="0.014" classname="com.gwtplatform.mvp.shared.proxy.ParameterTokenFormatterGwtTestInSuite" name="testToPlaceRequestPlaceTokenWithEmptyValue"/>
  <testcase time="1.143" classname="com.gwtplatform.mvp.client.gwt.mvp.MvpGwtTestInSuite" name="testPopupViewCloseHandlerIsCalledWhenHidden"/>
  <testcase time="0.117" classname="com.gwtplatform.mvp.client.gwt.mvp.MvpGwtTestInSuite" name="testMultipleTokens"/>
  <testcase time="0.019" classname="com.gwtplatform.mvp.client.gwt.mvp.MvpGwtTestInSuite" name="testShouldCreateOnlyOneGinjector"/>
  <testcase time="0.121" classname="com.gwtplatform.mvp.client.gwt.mvp.MvpGwtTestInSuite" name="testPopupViewCloseHandlerNotCalledWhenShown"/>
</testsuite>